<?xml version="1.0" encoding="UTF-8"?>
<trace:TraceModel xmi:version="2.0" xmlns:xmi="http://www.omg.org/XMI" xmlns:trace="http://www.eclipse.org/gmf/2006/Trace">
  <nodeTraces visualID="2001" queryText="(let _eClass_:ecore::EClass = modelFacet.metaClass.ecoreClass in _eClass_.ePackage.nsURI = 'http://plweb/2.0' and _eClass_.name = 'Root') and (let _containmentMF_:ecore::EStructuralFeature = modelFacet.containmentMetaFeature.ecoreFeature in (let _eClass_:ecore::EClass = _containmentMF_.eContainingClass in _eClass_.ePackage.nsURI = 'http://plweb/2.0' and _eClass_.name = 'DiagramRoot') and _containmentMF_.name = 'root')">
    <compartmentTraces visualID="7005" queryText="true"/>
  </nodeTraces>
  <nodeTraces visualID="2002" queryText="let _eClass_:ecore::EClass = modelFacet.metaClass.ecoreClass in _eClass_.ePackage.nsURI = 'http://plweb/2.0' and _eClass_.name = 'SiteView'">
    <nodeLabelTraces visualID="5001" queryText="true"/>
    <compartmentTraces visualID="7001" queryText="true"/>
  </nodeTraces>
  <nodeTraces visualID="2003" queryText="let _eClass_:ecore::EClass = modelFacet.metaClass.ecoreClass in _eClass_.ePackage.nsURI = 'http://plweb/2.0' and _eClass_.name = 'Area'">
    <nodeLabelTraces visualID="5002" queryText="true"/>
    <compartmentTraces visualID="7002" queryText="true"/>
  </nodeTraces>
  <nodeTraces visualID="2004" queryText="let _eClass_:ecore::EClass = modelFacet.metaClass.ecoreClass in _eClass_.ePackage.nsURI = 'http://plweb/2.0' and _eClass_.name = 'Page'">
    <nodeLabelTraces visualID="5003" queryText="true"/>
    <compartmentTraces visualID="7003" queryText="true"/>
  </nodeTraces>
  <nodeTraces visualID="2005" queryText="let _eClass_:ecore::EClass = modelFacet.metaClass.ecoreClass in _eClass_.ePackage.nsURI = 'http://plweb/2.0' and _eClass_.name = 'Group'"/>
  <nodeTraces visualID="2006" queryText="let _eClass_:ecore::EClass = modelFacet.metaClass.ecoreClass in _eClass_.ePackage.nsURI = 'http://plweb/2.0' and _eClass_.name = 'Node'">
    <nodeLabelTraces visualID="5004" queryText="true"/>
    <compartmentTraces visualID="7004" queryText="true"/>
  </nodeTraces>
  <childNodeTraces visualID="3005" queryText="(let _eClass_:ecore::EClass = modelFacet.metaClass.ecoreClass in _eClass_.ePackage.nsURI = 'http://plweb/2.0' and _eClass_.name = 'DocTopic') and (let _containmentMF_:ecore::EStructuralFeature = modelFacet.containmentMetaFeature.ecoreFeature in (let _eClass_:ecore::EClass = _containmentMF_.eContainingClass in _eClass_.ePackage.nsURI = 'http://plweb/2.0' and _eClass_.name = 'Element') and _containmentMF_.name = 'docTopic')">
    <nodeLabelTraces visualID="5013" queryText="true"/>
  </childNodeTraces>
  <childNodeTraces visualID="3006" queryText="(let _eClass_:ecore::EClass = modelFacet.metaClass.ecoreClass in _eClass_.ePackage.nsURI = 'http://plweb/2.0' and _eClass_.name = 'DocTopic') and (let _containmentMF_:ecore::EStructuralFeature = modelFacet.containmentMetaFeature.ecoreFeature in (let _eClass_:ecore::EClass = _containmentMF_.eContainingClass in _eClass_.ePackage.nsURI = 'http://plweb/2.0' and _eClass_.name = 'Element') and _containmentMF_.name = 'docTopic')">
    <nodeLabelTraces visualID="5009" queryText="true"/>
  </childNodeTraces>
  <childNodeTraces visualID="3007" queryText="(let _eClass_:ecore::EClass = modelFacet.metaClass.ecoreClass in _eClass_.ePackage.nsURI = 'http://plweb/2.0' and _eClass_.name = 'DocTopic') and (let _containmentMF_:ecore::EStructuralFeature = modelFacet.containmentMetaFeature.ecoreFeature in (let _eClass_:ecore::EClass = _containmentMF_.eContainingClass in _eClass_.ePackage.nsURI = 'http://plweb/2.0' and _eClass_.name = 'Element') and _containmentMF_.name = 'docTopic')">
    <nodeLabelTraces visualID="5010" queryText="true"/>
  </childNodeTraces>
  <childNodeTraces visualID="3008" queryText="(let _eClass_:ecore::EClass = modelFacet.metaClass.ecoreClass in _eClass_.ePackage.nsURI = 'http://plweb/2.0' and _eClass_.name = 'DocTopic') and (let _containmentMF_:ecore::EStructuralFeature = modelFacet.containmentMetaFeature.ecoreFeature in (let _eClass_:ecore::EClass = _containmentMF_.eContainingClass in _eClass_.ePackage.nsURI = 'http://plweb/2.0' and _eClass_.name = 'Element') and _containmentMF_.name = 'docTopic')">
    <nodeLabelTraces visualID="5011" queryText="true"/>
  </childNodeTraces>
  <childNodeTraces visualID="3009" queryText="(let _eClass_:ecore::EClass = modelFacet.metaClass.ecoreClass in _eClass_.ePackage.nsURI = 'http://plweb/2.0' and _eClass_.name = 'DocTopic') and (let _containmentMF_:ecore::EStructuralFeature = modelFacet.containmentMetaFeature.ecoreFeature in (let _eClass_:ecore::EClass = _containmentMF_.eContainingClass in _eClass_.ePackage.nsURI = 'http://plweb/2.0' and _eClass_.name = 'Element') and _containmentMF_.name = 'docTopic')">
    <nodeLabelTraces visualID="5012" queryText="true"/>
  </childNodeTraces>
  <linkTraces visualID="4001" queryText="modelFacet.oclIsKindOf(gmfgen::FeatureLinkModelFacet) and (let _feature_:ecore::EStructuralFeature = modelFacet.oclAsType(gmfgen::FeatureLinkModelFacet).metaFeature.ecoreFeature in (let _eClass_:ecore::EClass = _feature_.eContainingClass in _eClass_.ePackage.nsURI = 'http://plweb/2.0' and _eClass_.name = 'SourceRefElement') and _feature_.name = 'class')"/>
</trace:TraceModel>
